<?xml version="1.0" encoding="UTF-8"?>
<!-- Generated by org.testng.reporters.JUnitReportReporter -->
<testsuite hostname="DESKTOP-9QHT72G" failures="0" tests="1" name="Demo.Annotations" time="0.006" errors="0" timestamp="2022-12-29T11:17:43 IST" skipped="0">
  <testcase classname="Demo.Annotations" name="testCase1" time="0.006"/>
  <system-out/>
</testsuite> <!-- Demo.Annotations -->
