<?xml version="1.0" encoding="UTF-8"?>
<!-- Generated by org.testng.reporters.JUnitReportReporter -->
<testsuite hostname="DESKTOP-9QHT72G" failures="0" tests="2" name="Testng.Demo" time="2.816" errors="0" timestamp="2022-12-21T11:31:44 IST" skipped="0">
  <testcase classname="Testng.Demo" name="fblogin" time="2.011"/>
  <system-out/>
  <testcase classname="Testng.Demo" name="fblogin2" time="0.805"/>
  <system-out/>
</testsuite> <!-- Testng.Demo -->
